Reading /home/pfradin/pcbureau/DevTeXgraphLazarus/TeXgraph/macros/color.mac...
/home/pfradin/pcbureau/DevTeXgraphLazarus/TeXgraph/macros/color.mac end of reading
Reading /home/pfradin/pcbureau/DevTeXgraphLazarus/TeXgraph/macros/TeXgraph.mac...
Reading /home/pfradin/pcbureau/DevTeXgraphLazarus/TeXgraph/macros/errors.mac...
/home/pfradin/pcbureau/DevTeXgraphLazarus/TeXgraph/macros/errors.mac end of reading
Reading /home/pfradin/pcbureau/DevTeXgraphLazarus/TeXgraph/macros/draw2d.mac...
Reading /home/pfradin/pcbureau/DevTeXgraphLazarus/TeXgraph/macros/markers.mac...
/home/pfradin/pcbureau/DevTeXgraphLazarus/TeXgraph/macros/markers.mac end of reading
Reading /home/pfradin/pcbureau/DevTeXgraphLazarus/TeXgraph/macros/gradients.mac...
/home/pfradin/pcbureau/DevTeXgraphLazarus/TeXgraph/macros/gradients.mac end of reading
/home/pfradin/pcbureau/DevTeXgraphLazarus/TeXgraph/macros/draw2d.mac end of reading
Reading /home/pfradin/pcbureau/DevTeXgraphLazarus/TeXgraph/macros/draw3d.mac...
/home/pfradin/pcbureau/DevTeXgraphLazarus/TeXgraph/macros/draw3d.mac end of reading
Reading /home/pfradin/pcbureau/DevTeXgraphLazarus/TeXgraph/macros/axes.mac...
/home/pfradin/pcbureau/DevTeXgraphLazarus/TeXgraph/macros/axes.mac end of reading
/home/pfradin/pcbureau/DevTeXgraphLazarus/TeXgraph/macros/TeXgraph.mac end of reading
Remove Label.pgf
Reading Label.teg...
Reading /home/pfradin/.TeXgraph/TeXgraphMac/PolyedresII/PolyedresII.mac...
/home/pfradin/.TeXgraph/TeXgraphMac/PolyedresII/PolyedresII.mac end of reading
Label.teg end of reading
Remove Label.src
Export to Label.pgf
End of export
